
-----
Test: tests/506_test_user_edit.py::TestUserEdit::test_edit_created_user (call)
Time: 2023-10-02 17:50:42.113074
Request method: POST
Request URL: https://playground.learnqa.ru/api/user/
Request data: {'password': '123', 'username': 'learnqa', 'firstName': 'learnqa', 'lastName': 'learnqa', 'email': 'learnqa100220231742@example.com'}
Request headers: {}
Request cookies: {}

Response code: 200
Response text: {"id":"80583"}
Response headers: {'Date': 'Mon, 02 Oct 2023 14:50:42 GMT', 'Content-Type': 'application/json', 'Content-Length': '14', 'Connection': 'keep-alive', 'Keep-Alive': 'timeout=10', 'Server': 'Apache', 'Cache-Control': 'max-age=0', 'Expires': 'Mon, 02 Oct 2023 14:50:41 GMT'}
Response cookies: {}

-----

-----
Test: tests/506_test_user_edit.py::TestUserEdit::test_edit_created_user (call)
Time: 2023-10-02 17:50:42.715074
Request method: POST
Request URL: https://playground.learnqa.ru/api/user/login
Request data: {'email': 'learnqa100220231742@example.com', 'password': '123'}
Request headers: {}
Request cookies: {}

Response code: 200
Response text: {"user_id":80583}
Response headers: {'Date': 'Mon, 02 Oct 2023 14:50:42 GMT', 'Content-Type': 'application/json', 'Content-Length': '17', 'Connection': 'keep-alive', 'Keep-Alive': 'timeout=10', 'Server': 'Apache', 'Set-Cookie': 'auth_sid=ee897c053d3d5396fb261852ee60fc2bb56fd0b9097e37f2fafbb41dd3ded6d4', 'x-csrf-token': '1db7d48056bbf8d7f62911959c5de868a933a787b56fd0b9097e37f2fafbb41dd3ded6d4', 'Cache-Control': 'max-age=0', 'Expires': 'Mon, 02 Oct 2023 14:50:42 GMT'}
Response cookies: {'auth_sid': 'ee897c053d3d5396fb261852ee60fc2bb56fd0b9097e37f2fafbb41dd3ded6d4'}

-----

-----
Test: tests/506_test_user_edit.py::TestUserEdit::test_edit_created_user (call)
Time: 2023-10-02 17:50:42.813073
Request method: PUT
Request URL: https://playground.learnqa.ru/api/user/80583
Request data: {'firstName': 'Changed_name'}
Request headers: {'x-csrf-token': '1db7d48056bbf8d7f62911959c5de868a933a787b56fd0b9097e37f2fafbb41dd3ded6d4'}
Request cookies: {'auth_sid': 'ee897c053d3d5396fb261852ee60fc2bb56fd0b9097e37f2fafbb41dd3ded6d4'}

Response code: 200
Response text: 
Response headers: {'Date': 'Mon, 02 Oct 2023 14:50:43 GMT', 'Content-Type': 'text/html; charset=utf-8', 'Content-Length': '0', 'Connection': 'keep-alive', 'Keep-Alive': 'timeout=10', 'Server': 'Apache', 'Cache-Control': 'max-age=0', 'Expires': 'Mon, 02 Oct 2023 14:50:42 GMT'}
Response cookies: {}

-----

-----
Test: tests/506_test_user_edit.py::TestUserEdit::test_edit_created_user (call)
Time: 2023-10-02 17:50:43.542730
Request method: GET
Request URL: https://playground.learnqa.ru/api/user/80583
Request data: None
Request headers: {'x-csrf-token': '1db7d48056bbf8d7f62911959c5de868a933a787b56fd0b9097e37f2fafbb41dd3ded6d4'}
Request cookies: {'auth_sid': 'ee897c053d3d5396fb261852ee60fc2bb56fd0b9097e37f2fafbb41dd3ded6d4'}

Response code: 200
Response text: {"id":"80583","username":"learnqa","email":"learnqa100220231742@example.com","firstName":"Changed_name","lastName":"learnqa"}
Response headers: {'Date': 'Mon, 02 Oct 2023 14:50:43 GMT', 'Content-Type': 'application/json', 'Transfer-Encoding': 'chunked', 'Connection': 'keep-alive', 'Keep-Alive': 'timeout=10', 'Vary': 'Accept-Encoding', 'Server': 'Apache', 'Cache-Control': 'max-age=0', 'Expires': 'Mon, 02 Oct 2023 14:50:43 GMT', 'Content-Encoding': 'gzip'}
Response cookies: {}

-----
